c:\users\student\source\repos\home\debug\vc142.pdb
c:\users\student\source\repos\home\debug\vc142.idb
c:\users\student\source\repos\home\debug\main.obj
c:\users\student\source\repos\home\debug\player.obj
c:\users\student\source\repos\home\debug\input.obj
c:\users\student\source\repos\home\debug\background.obj
c:\users\student\source\repos\home\debug\explosioncpp.obj
c:\users\student\source\repos\home\debug\enemy.obj
c:\users\student\source\repos\home\debug\bullet.obj
c:\users\student\source\repos\home\debug\title.obj
c:\users\student\source\repos\home\debug\result.obj
c:\users\student\source\repos\home\debug\fade.obj
c:\users\student\source\repos\home\debug\home.exe
c:\users\student\source\repos\home\debug\home.ilk
c:\users\student\source\repos\home\debug\home.pdb
c:\users\student\source\repos\home\debug\background.obj.enc
c:\users\student\source\repos\home\debug\enemy.obj.enc
c:\users\student\source\repos\home\debug\explosioncpp.obj.enc
c:\users\student\source\repos\home\debug\main.obj.enc
c:\users\student\source\repos\home\debug\player.obj.enc
c:\users\student\source\repos\home\debug\home.tlog\cl.command.1.tlog
c:\users\student\source\repos\home\debug\home.tlog\cl.read.1.tlog
c:\users\student\source\repos\home\debug\home.tlog\cl.write.1.tlog
c:\users\student\source\repos\home\debug\home.tlog\link.command.1.tlog
c:\users\student\source\repos\home\debug\home.tlog\link.read.1.tlog
c:\users\student\source\repos\home\debug\home.tlog\link.write.1.tlog
